0 verbose cli C:\Program Files\nodejs\node.exe C:\Program Files\nodejs\node_modules\npm\bin\npm-cli.js
1 info using npm@10.9.2
2 info using node@v22.14.0
3 silly config load:file:C:\Program Files\nodejs\node_modules\npm\npmrc
4 silly config load:file:C:\Users\æ¯“\.npmrc
5 silly config load:file:C:\Users\æ¯“\Downloads\homework\æ•™è‚²å°æ¸¸æˆ\%USERPROFILE%npm-global\etc\npmrc
6 verbose title npm install http-server
7 verbose argv "install" "--global" "http-server"
8 verbose logfile logs-max:10 dir:C:\Users\æ¯“\Downloads\homework\æ•™è‚²å°æ¸¸æˆ\Usersæ¯“.npm_cache\_logs\2025-03-23T23_08_25_627Z-
9 verbose logfile C:\Users\æ¯“\Downloads\homework\æ•™è‚²å°æ¸¸æˆ\Usersæ¯“.npm_cache\_logs\2025-03-23T23_08_25_627Z-debug-0.log
10 silly packumentCache heap:4345298944 maxSize:1086324736 maxEntrySize:543162368
11 silly logfile done cleaning log files
12 silly idealTree buildDeps
13 silly fetch manifest http-server@*
14 silly packumentCache full:https://registry.npmjs.org/http-server cache-miss
15 http fetch GET 200 https://registry.npmjs.org/http-server 1110ms (cache miss)
16 silly packumentCache full:https://registry.npmjs.org/http-server set size:undefined disposed:false
17 silly placeDep ROOT http-server@14.1.1 OK for:  want: *
18 silly fetch manifest he@^1.2.0
19 silly packumentCache full:https://registry.npmjs.org/he cache-miss
20 silly fetch manifest mime@^1.6.0
21 silly packumentCache full:https://registry.npmjs.org/mime cache-miss
22 silly fetch manifest chalk@^4.1.2
23 silly packumentCache full:https://registry.npmjs.org/chalk cache-miss
24 silly fetch manifest union@~0.5.0
25 silly packumentCache full:https://registry.npmjs.org/union cache-miss
26 silly fetch manifest corser@^2.0.1
27 silly packumentCache full:https://registry.npmjs.org/corser cache-miss
28 silly fetch manifest opener@^1.5.1
29 silly packumentCache full:https://registry.npmjs.org/opener cache-miss
30 silly fetch manifest minimist@^1.2.6
31 silly packumentCache full:https://registry.npmjs.org/minimist cache-miss
32 silly fetch manifest url-join@^4.0.1
33 silly packumentCache full:https://registry.npmjs.org/url-join cache-miss
34 silly fetch manifest basic-auth@^2.0.1
35 silly packumentCache full:https://registry.npmjs.org/basic-auth cache-miss
36 silly fetch manifest http-proxy@^1.18.1
37 silly packumentCache full:https://registry.npmjs.org/http-proxy cache-miss
38 silly fetch manifest portfinder@^1.0.28
39 silly packumentCache full:https://registry.npmjs.org/portfinder cache-miss
40 silly fetch manifest secure-compare@3.0.1
41 silly packumentCache full:https://registry.npmjs.org/secure-compare cache-miss
42 silly fetch manifest html-encoding-sniffer@^3.0.0
43 silly packumentCache full:https://registry.npmjs.org/html-encoding-sniffer cache-miss
44 http fetch GET 200 https://registry.npmjs.org/he 294ms (cache miss)
45 silly packumentCache full:https://registry.npmjs.org/he set size:undefined disposed:false
46 http fetch GET 200 https://registry.npmjs.org/union 375ms (cache miss)
47 silly packumentCache full:https://registry.npmjs.org/union set size:undefined disposed:false
48 http fetch GET 200 https://registry.npmjs.org/chalk 488ms (cache miss)
49 silly packumentCache full:https://registry.npmjs.org/chalk set size:undefined disposed:false
50 http fetch GET 200 https://registry.npmjs.org/mime 540ms (cache miss)
51 silly packumentCache full:https://registry.npmjs.org/mime set size:undefined disposed:false
52 http fetch GET 200 https://registry.npmjs.org/secure-compare 731ms (cache miss)
53 silly packumentCache full:https://registry.npmjs.org/secure-compare set size:undefined disposed:false
54 http fetch GET 200 https://registry.npmjs.org/npm 1945ms
55 http fetch GET 200 https://registry.npmjs.org/url-join 791ms (cache miss)
56 silly packumentCache full:https://registry.npmjs.org/url-join set size:undefined disposed:false
57 http fetch GET 200 https://registry.npmjs.org/opener 817ms (cache miss)
58 silly packumentCache full:https://registry.npmjs.org/opener set size:undefined disposed:false
59 http fetch GET 200 https://registry.npmjs.org/minimist 934ms (cache miss)
60 silly packumentCache full:https://registry.npmjs.org/minimist set size:undefined disposed:false
61 http fetch GET 200 https://registry.npmjs.org/basic-auth 961ms (cache miss)
62 silly packumentCache full:https://registry.npmjs.org/basic-auth set size:undefined disposed:false
63 http fetch GET 200 https://registry.npmjs.org/corser 1094ms (cache miss)
64 silly packumentCache full:https://registry.npmjs.org/corser set size:undefined disposed:false
65 http fetch GET 200 https://registry.npmjs.org/portfinder 1224ms (cache miss)
66 silly packumentCache full:https://registry.npmjs.org/portfinder set size:undefined disposed:false
67 http fetch GET 200 https://registry.npmjs.org/html-encoding-sniffer 1257ms (cache miss)
68 silly packumentCache full:https://registry.npmjs.org/html-encoding-sniffer set size:undefined disposed:false
69 http fetch GET 200 https://registry.npmjs.org/http-proxy 1277ms (cache miss)
70 silly packumentCache full:https://registry.npmjs.org/http-proxy set size:undefined disposed:false
71 silly placeDep node_modules/http-server basic-auth@2.0.1 OK for: http-server@14.1.1 want: ^2.0.1
72 silly placeDep node_modules/http-server chalk@4.1.2 OK for: http-server@14.1.1 want: ^4.1.2
73 silly placeDep node_modules/http-server corser@2.0.1 OK for: http-server@14.1.1 want: ^2.0.1
74 silly placeDep node_modules/http-server he@1.2.0 OK for: http-server@14.1.1 want: ^1.2.0
75 silly placeDep node_modules/http-server html-encoding-sniffer@3.0.0 OK for: http-server@14.1.1 want: ^3.0.0
76 silly placeDep node_modules/http-server http-proxy@1.18.1 OK for: http-server@14.1.1 want: ^1.18.1
77 silly placeDep node_modules/http-server mime@1.6.0 OK for: http-server@14.1.1 want: ^1.6.0
78 silly placeDep node_modules/http-server minimist@1.2.8 OK for: http-server@14.1.1 want: ^1.2.6
79 silly placeDep node_modules/http-server opener@1.5.2 OK for: http-server@14.1.1 want: ^1.5.1
80 silly placeDep node_modules/http-server portfinder@1.0.35 OK for: http-server@14.1.1 want: ^1.0.28
81 silly placeDep node_modules/http-server secure-compare@3.0.1 OK for: http-server@14.1.1 want: 3.0.1
82 silly placeDep node_modules/http-server union@0.5.0 OK for: http-server@14.1.1 want: ~0.5.0
83 silly placeDep node_modules/http-server url-join@4.0.1 OK for: http-server@14.1.1 want: ^4.0.1
84 silly fetch manifest safe-buffer@5.1.2
85 silly packumentCache full:https://registry.npmjs.org/safe-buffer cache-miss
86 silly fetch manifest ansi-styles@^4.1.0
87 silly packumentCache full:https://registry.npmjs.org/ansi-styles cache-miss
88 silly fetch manifest supports-color@^7.1.0
89 silly packumentCache full:https://registry.npmjs.org/supports-color cache-miss
90 silly fetch manifest whatwg-encoding@^2.0.0
91 silly packumentCache full:https://registry.npmjs.org/whatwg-encoding cache-miss
92 silly fetch manifest eventemitter3@^4.0.0
93 silly packumentCache full:https://registry.npmjs.org/eventemitter3 cache-miss
94 silly fetch manifest requires-port@^1.0.0
95 silly packumentCache full:https://registry.npmjs.org/requires-port cache-miss
96 silly fetch manifest follow-redirects@^1.0.0
97 silly packumentCache full:https://registry.npmjs.org/follow-redirects cache-miss
98 silly fetch manifest async@^3.2.6
99 silly packumentCache full:https://registry.npmjs.org/async cache-miss
100 silly fetch manifest debug@^4.3.6
101 silly packumentCache full:https://registry.npmjs.org/debug cache-miss
102 silly fetch manifest qs@^6.4.0
103 silly packumentCache full:https://registry.npmjs.org/qs cache-miss
104 http fetch GET 200 https://registry.npmjs.org/requires-port 138ms (cache miss)
105 silly packumentCache full:https://registry.npmjs.org/requires-port set size:undefined disposed:false
106 http fetch GET 200 https://registry.npmjs.org/eventemitter3 206ms (cache miss)
107 silly packumentCache full:https://registry.npmjs.org/eventemitter3 set size:undefined disposed:false
108 http fetch GET 200 https://registry.npmjs.org/supports-color 227ms (cache miss)
109 silly packumentCache full:https://registry.npmjs.org/supports-color set size:undefined disposed:false
110 http fetch GET 200 https://registry.npmjs.org/follow-redirects 248ms (cache miss)
111 silly packumentCache full:https://registry.npmjs.org/follow-redirects set size:undefined disposed:false
112 http fetch GET 200 https://registry.npmjs.org/safe-buffer 270ms (cache miss)
113 silly packumentCache full:https://registry.npmjs.org/safe-buffer set size:undefined disposed:false
114 http fetch GET 200 https://registry.npmjs.org/async 275ms (cache miss)
115 silly packumentCache full:https://registry.npmjs.org/async set size:undefined disposed:false
116 http fetch GET 200 https://registry.npmjs.org/qs 288ms (cache miss)
117 silly packumentCache full:https://registry.npmjs.org/qs set size:undefined disposed:false
118 http fetch GET 200 https://registry.npmjs.org/ansi-styles 307ms (cache miss)
119 silly packumentCache full:https://registry.npmjs.org/ansi-styles set size:undefined disposed:false
120 http fetch GET 200 https://registry.npmjs.org/debug 588ms (cache miss)
121 silly packumentCache full:https://registry.npmjs.org/debug set size:undefined disposed:false
122 http fetch GET 200 https://registry.npmjs.org/whatwg-encoding 4641ms (cache miss)
123 silly packumentCache full:https://registry.npmjs.org/whatwg-encoding set size:undefined disposed:false
124 silly placeDep node_modules/http-server safe-buffer@5.1.2 OK for: basic-auth@2.0.1 want: 5.1.2
125 silly placeDep node_modules/http-server ansi-styles@4.3.0 OK for: chalk@4.1.2 want: ^4.1.0
126 silly placeDep node_modules/http-server supports-color@7.2.0 OK for: chalk@4.1.2 want: ^7.1.0
127 silly fetch manifest color-convert@^2.0.1
128 silly packumentCache full:https://registry.npmjs.org/color-convert cache-miss
129 silly fetch manifest has-flag@^4.0.0
130 silly packumentCache full:https://registry.npmjs.org/has-flag cache-miss
131 http fetch GET 200 https://registry.npmjs.org/color-convert 189ms (cache miss)
132 silly packumentCache full:https://registry.npmjs.org/color-convert set size:undefined disposed:false
133 http fetch GET 200 https://registry.npmjs.org/has-flag 285ms (cache miss)
134 silly packumentCache full:https://registry.npmjs.org/has-flag set size:undefined disposed:false
135 silly placeDep node_modules/http-server color-convert@2.0.1 OK for: ansi-styles@4.3.0 want: ^2.0.1
136 silly fetch manifest color-name@~1.1.4
137 silly packumentCache full:https://registry.npmjs.org/color-name cache-miss
138 http fetch GET 200 https://registry.npmjs.org/color-name 269ms (cache miss)
139 silly packumentCache full:https://registry.npmjs.org/color-name set size:undefined disposed:false
140 silly placeDep node_modules/http-server color-name@1.1.4 OK for: color-convert@2.0.1 want: ~1.1.4
141 silly placeDep node_modules/http-server whatwg-encoding@2.0.0 OK for: html-encoding-sniffer@3.0.0 want: ^2.0.0
142 silly fetch manifest iconv-lite@0.6.3
143 silly packumentCache full:https://registry.npmjs.org/iconv-lite cache-miss
144 http fetch GET 200 https://registry.npmjs.org/iconv-lite 289ms (cache miss)
145 silly packumentCache full:https://registry.npmjs.org/iconv-lite set size:undefined disposed:false
146 silly placeDep node_modules/http-server eventemitter3@4.0.7 OK for: http-proxy@1.18.1 want: ^4.0.0
147 silly placeDep node_modules/http-server follow-redirects@1.15.9 OK for: http-proxy@1.18.1 want: ^1.0.0
148 silly placeDep node_modules/http-server requires-port@1.0.0 OK for: http-proxy@1.18.1 want: ^1.0.0
149 silly placeDep node_modules/http-server async@3.2.6 OK for: portfinder@1.0.35 want: ^3.2.6
150 silly placeDep node_modules/http-server debug@4.4.0 OK for: portfinder@1.0.35 want: ^4.3.6
151 silly fetch manifest ms@^2.1.3
152 silly packumentCache full:https://registry.npmjs.org/ms cache-miss
153 http fetch GET 200 https://registry.npmjs.org/ms 133ms (cache miss)
154 silly packumentCache full:https://registry.npmjs.org/ms set size:undefined disposed:false
155 silly placeDep node_modules/http-server ms@2.1.3 OK for: debug@4.4.0 want: ^2.1.3
156 silly placeDep node_modules/http-server has-flag@4.0.0 OK for: supports-color@7.2.0 want: ^4.0.0
157 silly placeDep node_modules/http-server qs@6.14.0 OK for: union@0.5.0 want: ^6.4.0
158 silly fetch manifest side-channel@^1.1.0
159 silly packumentCache full:https://registry.npmjs.org/side-channel cache-miss
160 http fetch GET 200 https://registry.npmjs.org/side-channel 107ms (cache miss)
161 silly packumentCache full:https://registry.npmjs.org/side-channel set size:undefined disposed:false
162 silly placeDep node_modules/http-server side-channel@1.1.0 OK for: qs@6.14.0 want: ^1.1.0
163 silly fetch manifest es-errors@^1.3.0
164 silly packumentCache full:https://registry.npmjs.org/es-errors cache-miss
165 silly fetch manifest object-inspect@^1.13.3
166 silly packumentCache full:https://registry.npmjs.org/object-inspect cache-miss
167 silly fetch manifest side-channel-list@^1.0.0
168 silly packumentCache full:https://registry.npmjs.org/side-channel-list cache-miss
169 silly fetch manifest side-channel-map@^1.0.1
170 silly packumentCache full:https://registry.npmjs.org/side-channel-map cache-miss
171 silly fetch manifest side-channel-weakmap@^1.0.2
172 silly packumentCache full:https://registry.npmjs.org/side-channel-weakmap cache-miss
173 http fetch GET 200 https://registry.npmjs.org/es-errors 206ms (cache miss)
174 silly packumentCache full:https://registry.npmjs.org/es-errors set size:undefined disposed:false
175 http fetch GET 200 https://registry.npmjs.org/side-channel-list 211ms (cache miss)
176 silly packumentCache full:https://registry.npmjs.org/side-channel-list set size:undefined disposed:false
177 http fetch GET 200 https://registry.npmjs.org/object-inspect 226ms (cache miss)
178 silly packumentCache full:https://registry.npmjs.org/object-inspect set size:undefined disposed:false
179 http fetch GET 200 https://registry.npmjs.org/side-channel-weakmap 278ms (cache miss)
180 silly packumentCache full:https://registry.npmjs.org/side-channel-weakmap set size:undefined disposed:false
181 http fetch GET 200 https://registry.npmjs.org/side-channel-map 289ms (cache miss)
182 silly packumentCache full:https://registry.npmjs.org/side-channel-map set size:undefined disposed:false
183 silly placeDep node_modules/http-server es-errors@1.3.0 OK for: side-channel@1.1.0 want: ^1.3.0
184 silly placeDep node_modules/http-server object-inspect@1.13.4 OK for: side-channel@1.1.0 want: ^1.13.3
185 silly placeDep node_modules/http-server side-channel-list@1.0.0 OK for: side-channel@1.1.0 want: ^1.0.0
186 silly placeDep node_modules/http-server side-channel-map@1.0.1 OK for: side-channel@1.1.0 want: ^1.0.1
187 silly placeDep node_modules/http-server side-channel-weakmap@1.0.2 OK for: side-channel@1.1.0 want: ^1.0.2
188 silly fetch manifest call-bound@^1.0.2
189 silly packumentCache full:https://registry.npmjs.org/call-bound cache-miss
190 silly fetch manifest get-intrinsic@^1.2.5
191 silly packumentCache full:https://registry.npmjs.org/get-intrinsic cache-miss
192 silly fetch manifest call-bound@^1.0.2
193 silly packumentCache full:https://registry.npmjs.org/call-bound cache-miss
194 silly fetch manifest get-intrinsic@^1.2.5
195 silly packumentCache full:https://registry.npmjs.org/get-intrinsic cache-miss
196 http fetch GET 200 https://registry.npmjs.org/call-bound 120ms (cache miss)
197 silly packumentCache full:https://registry.npmjs.org/call-bound set size:undefined disposed:false
198 http fetch GET 200 https://registry.npmjs.org/call-bound 120ms (cache miss)
199 silly packumentCache full:https://registry.npmjs.org/call-bound set size:undefined disposed:false
200 http fetch GET 200 https://registry.npmjs.org/get-intrinsic 262ms (cache miss)
201 silly packumentCache full:https://registry.npmjs.org/get-intrinsic set size:undefined disposed:false
202 http fetch GET 200 https://registry.npmjs.org/get-intrinsic 495ms (cache miss)
203 silly packumentCache full:https://registry.npmjs.org/get-intrinsic set size:undefined disposed:false
204 silly placeDep node_modules/http-server call-bound@1.0.4 OK for: side-channel-map@1.0.1 want: ^1.0.2
205 silly placeDep node_modules/http-server get-intrinsic@1.3.0 OK for: side-channel-map@1.0.1 want: ^1.2.5
206 silly fetch manifest call-bind-apply-helpers@^1.0.2
207 silly packumentCache full:https://registry.npmjs.org/call-bind-apply-helpers cache-miss
208 silly fetch manifest get-intrinsic@^1.3.0
209 silly packumentCache full:https://registry.npmjs.org/get-intrinsic cache-miss
210 silly fetch manifest call-bind-apply-helpers@^1.0.2
211 silly packumentCache full:https://registry.npmjs.org/call-bind-apply-helpers cache-miss
212 silly fetch manifest es-define-property@^1.0.1
213 silly packumentCache full:https://registry.npmjs.org/es-define-property cache-miss
214 silly fetch manifest es-object-atoms@^1.1.1
215 silly packumentCache full:https://registry.npmjs.org/es-object-atoms cache-miss
216 silly fetch manifest function-bind@^1.1.2
217 silly packumentCache full:https://registry.npmjs.org/function-bind cache-miss
218 silly fetch manifest get-proto@^1.0.1
219 silly packumentCache full:https://registry.npmjs.org/get-proto cache-miss
220 silly fetch manifest gopd@^1.2.0
221 silly packumentCache full:https://registry.npmjs.org/gopd cache-miss
222 silly fetch manifest has-symbols@^1.1.0
223 silly packumentCache full:https://registry.npmjs.org/has-symbols cache-miss
224 silly fetch manifest hasown@^2.0.2
225 silly packumentCache full:https://registry.npmjs.org/hasown cache-miss
226 silly fetch manifest math-intrinsics@^1.1.0
227 silly packumentCache full:https://registry.npmjs.org/math-intrinsics cache-miss
228 http cache https://registry.npmjs.org/get-intrinsic 27ms (cache hit)
229 silly packumentCache full:https://registry.npmjs.org/get-intrinsic set size:57687 disposed:false
230 http fetch GET 200 https://registry.npmjs.org/get-proto 104ms (cache miss)
231 silly packumentCache full:https://registry.npmjs.org/get-proto set size:undefined disposed:false
232 http fetch GET 200 https://registry.npmjs.org/has-symbols 214ms (cache miss)
233 silly packumentCache full:https://registry.npmjs.org/has-symbols set size:undefined disposed:false
234 http fetch GET 200 https://registry.npmjs.org/gopd 226ms (cache miss)
235 silly packumentCache full:https://registry.npmjs.org/gopd set size:undefined disposed:false
236 http fetch GET 200 https://registry.npmjs.org/hasown 261ms (cache miss)
237 silly packumentCache full:https://registry.npmjs.org/hasown set size:undefined disposed:false
238 http fetch GET 200 https://registry.npmjs.org/math-intrinsics 262ms (cache miss)
239 silly packumentCache full:https://registry.npmjs.org/math-intrinsics set size:undefined disposed:false
240 http fetch GET 200 https://registry.npmjs.org/call-bind-apply-helpers 265ms (cache miss)
241 silly packumentCache full:https://registry.npmjs.org/call-bind-apply-helpers set size:undefined disposed:false
242 http fetch GET 200 https://registry.npmjs.org/call-bind-apply-helpers 287ms (cache miss)
243 silly packumentCache full:https://registry.npmjs.org/call-bind-apply-helpers set size:undefined disposed:false
244 http fetch GET 200 https://registry.npmjs.org/es-define-property 291ms (cache miss)
245 silly packumentCache full:https://registry.npmjs.org/es-define-property set size:undefined disposed:false
246 http fetch GET 200 https://registry.npmjs.org/es-object-atoms 459ms (cache miss)
247 silly packumentCache full:https://registry.npmjs.org/es-object-atoms set size:undefined disposed:false
248 http fetch GET 200 https://registry.npmjs.org/function-bind 463ms (cache miss)
249 silly packumentCache full:https://registry.npmjs.org/function-bind set size:undefined disposed:false
250 silly placeDep node_modules/http-server call-bind-apply-helpers@1.0.2 OK for: call-bound@1.0.4 want: ^1.0.2
251 silly placeDep node_modules/http-server function-bind@1.1.2 OK for: call-bind-apply-helpers@1.0.2 want: ^1.1.2
252 silly placeDep node_modules/http-server es-define-property@1.0.1 OK for: get-intrinsic@1.3.0 want: ^1.0.1
253 silly placeDep node_modules/http-server es-object-atoms@1.1.1 OK for: get-intrinsic@1.3.0 want: ^1.1.1
254 silly placeDep node_modules/http-server get-proto@1.0.1 OK for: get-intrinsic@1.3.0 want: ^1.0.1
255 silly placeDep node_modules/http-server gopd@1.2.0 OK for: get-intrinsic@1.3.0 want: ^1.2.0
256 silly placeDep node_modules/http-server has-symbols@1.1.0 OK for: get-intrinsic@1.3.0 want: ^1.1.0
257 silly placeDep node_modules/http-server hasown@2.0.2 OK for: get-intrinsic@1.3.0 want: ^2.0.2
258 silly placeDep node_modules/http-server math-intrinsics@1.1.0 OK for: get-intrinsic@1.3.0 want: ^1.1.0
259 silly fetch manifest dunder-proto@^1.0.1
260 silly packumentCache full:https://registry.npmjs.org/dunder-proto cache-miss
261 http fetch GET 200 https://registry.npmjs.org/dunder-proto 121ms (cache miss)
262 silly packumentCache full:https://registry.npmjs.org/dunder-proto set size:undefined disposed:false
263 silly placeDep node_modules/http-server dunder-proto@1.0.1 OK for: get-proto@1.0.1 want: ^1.0.1
264 silly placeDep node_modules/http-server iconv-lite@0.6.3 OK for: whatwg-encoding@2.0.0 want: 0.6.3
265 silly fetch manifest safer-buffer@>= 2.1.2 < 3.0.0
266 silly packumentCache full:https://registry.npmjs.org/safer-buffer cache-miss
267 http fetch GET 200 https://registry.npmjs.org/safer-buffer 108ms (cache miss)
268 silly packumentCache full:https://registry.npmjs.org/safer-buffer set size:undefined disposed:false
269 silly placeDep node_modules/http-server safer-buffer@2.1.2 OK for: iconv-lite@0.6.3 want: >= 2.1.2 < 3.0.0
270 silly reify moves {}
271 http cache http-server@https://registry.npmjs.org/http-server/-/http-server-14.1.1.tgz 0ms (cache hit)
272 http cache safer-buffer@https://registry.npmjs.org/safer-buffer/-/safer-buffer-2.1.2.tgz 0ms (cache hit)
273 http cache iconv-lite@https://registry.npmjs.org/iconv-lite/-/iconv-lite-0.6.3.tgz 0ms (cache hit)
274 http cache dunder-proto@https://registry.npmjs.org/dunder-proto/-/dunder-proto-1.0.1.tgz 0ms (cache hit)
275 http cache math-intrinsics@https://registry.npmjs.org/math-intrinsics/-/math-intrinsics-1.1.0.tgz 0ms (cache hit)
276 http cache hasown@https://registry.npmjs.org/hasown/-/hasown-2.0.2.tgz 0ms (cache hit)
277 http cache has-symbols@https://registry.npmjs.org/has-symbols/-/has-symbols-1.1.0.tgz 0ms (cache hit)
278 http cache gopd@https://registry.npmjs.org/gopd/-/gopd-1.2.0.tgz 0ms (cache hit)
279 http cache get-proto@https://registry.npmjs.org/get-proto/-/get-proto-1.0.1.tgz 0ms (cache hit)
280 http cache es-define-property@https://registry.npmjs.org/es-define-property/-/es-define-property-1.0.1.tgz 1ms (cache hit)
281 http cache es-object-atoms@https://registry.npmjs.org/es-object-atoms/-/es-object-atoms-1.1.1.tgz 0ms (cache hit)
282 http cache function-bind@https://registry.npmjs.org/function-bind/-/function-bind-1.1.2.tgz 0ms (cache hit)
283 http cache call-bind-apply-helpers@https://registry.npmjs.org/call-bind-apply-helpers/-/call-bind-apply-helpers-1.0.2.tgz 0ms (cache hit)
284 http cache get-intrinsic@https://registry.npmjs.org/get-intrinsic/-/get-intrinsic-1.3.0.tgz 0ms (cache hit)
285 http cache call-bound@https://registry.npmjs.org/call-bound/-/call-bound-1.0.4.tgz 0ms (cache hit)
286 http cache side-channel-map@https://registry.npmjs.org/side-channel-map/-/side-channel-map-1.0.1.tgz 0ms (cache hit)
287 http cache side-channel-weakmap@https://registry.npmjs.org/side-channel-weakmap/-/side-channel-weakmap-1.0.2.tgz 0ms (cache hit)
288 http cache side-channel-list@https://registry.npmjs.org/side-channel-list/-/side-channel-list-1.0.0.tgz 0ms (cache hit)
289 http cache object-inspect@https://registry.npmjs.org/object-inspect/-/object-inspect-1.13.4.tgz 0ms (cache hit)
290 http cache side-channel@https://registry.npmjs.org/side-channel/-/side-channel-1.1.0.tgz 0ms (cache hit)
291 http cache es-errors@https://registry.npmjs.org/es-errors/-/es-errors-1.3.0.tgz 0ms (cache hit)
292 http cache qs@https://registry.npmjs.org/qs/-/qs-6.14.0.tgz 0ms (cache hit)
293 http cache has-flag@https://registry.npmjs.org/has-flag/-/has-flag-4.0.0.tgz 0ms (cache hit)
294 http cache debug@https://registry.npmjs.org/debug/-/debug-4.4.0.tgz 0ms (cache hit)
295 http cache ms@https://registry.npmjs.org/ms/-/ms-2.1.3.tgz 0ms (cache hit)
296 http cache requires-port@https://registry.npmjs.org/requires-port/-/requires-port-1.0.0.tgz 0ms (cache hit)
297 http cache eventemitter3@https://registry.npmjs.org/eventemitter3/-/eventemitter3-4.0.7.tgz 0ms (cache hit)
298 http cache async@https://registry.npmjs.org/async/-/async-3.2.6.tgz 0ms (cache hit)
299 http cache whatwg-encoding@https://registry.npmjs.org/whatwg-encoding/-/whatwg-encoding-2.0.0.tgz 0ms (cache hit)
300 http cache follow-redirects@https://registry.npmjs.org/follow-redirects/-/follow-redirects-1.15.9.tgz 0ms (cache hit)
301 http cache supports-color@https://registry.npmjs.org/supports-color/-/supports-color-7.2.0.tgz 0ms (cache hit)
302 http cache color-convert@https://registry.npmjs.org/color-convert/-/color-convert-2.0.1.tgz 0ms (cache hit)
303 http cache color-name@https://registry.npmjs.org/color-name/-/color-name-1.1.4.tgz 0ms (cache hit)
304 http cache ansi-styles@https://registry.npmjs.org/ansi-styles/-/ansi-styles-4.3.0.tgz 0ms (cache hit)
305 http cache safe-buffer@https://registry.npmjs.org/safe-buffer/-/safe-buffer-5.1.2.tgz 0ms (cache hit)
306 http cache union@https://registry.npmjs.org/union/-/union-0.5.0.tgz 0ms (cache hit)
307 http cache url-join@https://registry.npmjs.org/url-join/-/url-join-4.0.1.tgz 0ms (cache hit)
308 http cache portfinder@https://registry.npmjs.org/portfinder/-/portfinder-1.0.35.tgz 0ms (cache hit)
309 http cache secure-compare@https://registry.npmjs.org/secure-compare/-/secure-compare-3.0.1.tgz 0ms (cache hit)
310 http cache he@https://registry.npmjs.org/he/-/he-1.2.0.tgz 0ms (cache hit)
311 http cache http-proxy@https://registry.npmjs.org/http-proxy/-/http-proxy-1.18.1.tgz 0ms (cache hit)
312 http cache mime@https://registry.npmjs.org/mime/-/mime-1.6.0.tgz 0ms (cache hit)
313 http cache html-encoding-sniffer@https://registry.npmjs.org/html-encoding-sniffer/-/html-encoding-sniffer-3.0.0.tgz 0ms (cache hit)
314 http cache minimist@https://registry.npmjs.org/minimist/-/minimist-1.2.8.tgz 0ms (cache hit)
315 http cache opener@https://registry.npmjs.org/opener/-/opener-1.5.2.tgz 0ms (cache hit)
316 silly tarball no local data for http-server@https://registry.npmjs.org/http-server/-/http-server-14.1.1.tgz. Extracting by manifest.
317 silly tarball no local data for safer-buffer@https://registry.npmjs.org/safer-buffer/-/safer-buffer-2.1.2.tgz. Extracting by manifest.
318 silly tarball no local data for iconv-lite@https://registry.npmjs.org/iconv-lite/-/iconv-lite-0.6.3.tgz. Extracting by manifest.
319 silly tarball no local data for dunder-proto@https://registry.npmjs.org/dunder-proto/-/dunder-proto-1.0.1.tgz. Extracting by manifest.
320 silly tarball no local data for math-intrinsics@https://registry.npmjs.org/math-intrinsics/-/math-intrinsics-1.1.0.tgz. Extracting by manifest.
321 silly tarball no local data for hasown@https://registry.npmjs.org/hasown/-/hasown-2.0.2.tgz. Extracting by manifest.
322 silly tarball no local data for has-symbols@https://registry.npmjs.org/has-symbols/-/has-symbols-1.1.0.tgz. Extracting by manifest.
323 silly tarball no local data for gopd@https://registry.npmjs.org/gopd/-/gopd-1.2.0.tgz. Extracting by manifest.
324 silly tarball no local data for get-proto@https://registry.npmjs.org/get-proto/-/get-proto-1.0.1.tgz. Extracting by manifest.
325 silly tarball no local data for es-define-property@https://registry.npmjs.org/es-define-property/-/es-define-property-1.0.1.tgz. Extracting by manifest.
326 silly tarball no local data for es-object-atoms@https://registry.npmjs.org/es-object-atoms/-/es-object-atoms-1.1.1.tgz. Extracting by manifest.
327 silly tarball no local data for function-bind@https://registry.npmjs.org/function-bind/-/function-bind-1.1.2.tgz. Extracting by manifest.
328 silly tarball no local data for call-bind-apply-helpers@https://registry.npmjs.org/call-bind-apply-helpers/-/call-bind-apply-helpers-1.0.2.tgz. Extracting by manifest.
329 silly tarball no local data for get-intrinsic@https://registry.npmjs.org/get-intrinsic/-/get-intrinsic-1.3.0.tgz. Extracting by manifest.
330 http cache corser@https://registry.npmjs.org/corser/-/corser-2.0.1.tgz 0ms (cache hit)
331 silly tarball no local data for call-bound@https://registry.npmjs.org/call-bound/-/call-bound-1.0.4.tgz. Extracting by manifest.
332 silly tarball no local data for side-channel-map@https://registry.npmjs.org/side-channel-map/-/side-channel-map-1.0.1.tgz. Extracting by manifest.
333 silly tarball no local data for side-channel-weakmap@https://registry.npmjs.org/side-channel-weakmap/-/side-channel-weakmap-1.0.2.tgz. Extracting by manifest.
334 silly tarball no local data for side-channel-list@https://registry.npmjs.org/side-channel-list/-/side-channel-list-1.0.0.tgz. Extracting by manifest.
335 silly tarball no local data for object-inspect@https://registry.npmjs.org/object-inspect/-/object-inspect-1.13.4.tgz. Extracting by manifest.
336 silly tarball no local data for side-channel@https://registry.npmjs.org/side-channel/-/side-channel-1.1.0.tgz. Extracting by manifest.
337 silly tarball no local data for es-errors@https://registry.npmjs.org/es-errors/-/es-errors-1.3.0.tgz. Extracting by manifest.
338 silly tarball no local data for qs@https://registry.npmjs.org/qs/-/qs-6.14.0.tgz. Extracting by manifest.
339 silly tarball no local data for has-flag@https://registry.npmjs.org/has-flag/-/has-flag-4.0.0.tgz. Extracting by manifest.
340 http cache chalk@https://registry.npmjs.org/chalk/-/chalk-4.1.2.tgz 0ms (cache hit)
341 http cache basic-auth@https://registry.npmjs.org/basic-auth/-/basic-auth-2.0.1.tgz 0ms (cache hit)
342 silly tarball no local data for debug@https://registry.npmjs.org/debug/-/debug-4.4.0.tgz. Extracting by manifest.
343 silly tarball no local data for ms@https://registry.npmjs.org/ms/-/ms-2.1.3.tgz. Extracting by manifest.
344 silly tarball no local data for requires-port@https://registry.npmjs.org/requires-port/-/requires-port-1.0.0.tgz. Extracting by manifest.
345 silly tarball no local data for eventemitter3@https://registry.npmjs.org/eventemitter3/-/eventemitter3-4.0.7.tgz. Extracting by manifest.
346 silly tarball no local data for async@https://registry.npmjs.org/async/-/async-3.2.6.tgz. Extracting by manifest.
347 silly tarball no local data for whatwg-encoding@https://registry.npmjs.org/whatwg-encoding/-/whatwg-encoding-2.0.0.tgz. Extracting by manifest.
348 silly tarball no local data for follow-redirects@https://registry.npmjs.org/follow-redirects/-/follow-redirects-1.15.9.tgz. Extracting by manifest.
349 silly tarball no local data for supports-color@https://registry.npmjs.org/supports-color/-/supports-color-7.2.0.tgz. Extracting by manifest.
350 silly tarball no local data for color-convert@https://registry.npmjs.org/color-convert/-/color-convert-2.0.1.tgz. Extracting by manifest.
351 silly tarball no local data for color-name@https://registry.npmjs.org/color-name/-/color-name-1.1.4.tgz. Extracting by manifest.
352 silly tarball no local data for ansi-styles@https://registry.npmjs.org/ansi-styles/-/ansi-styles-4.3.0.tgz. Extracting by manifest.
353 silly tarball no local data for safe-buffer@https://registry.npmjs.org/safe-buffer/-/safe-buffer-5.1.2.tgz. Extracting by manifest.
354 silly tarball no local data for union@https://registry.npmjs.org/union/-/union-0.5.0.tgz. Extracting by manifest.
355 silly tarball no local data for url-join@https://registry.npmjs.org/url-join/-/url-join-4.0.1.tgz. Extracting by manifest.
356 silly tarball no local data for portfinder@https://registry.npmjs.org/portfinder/-/portfinder-1.0.35.tgz. Extracting by manifest.
357 silly tarball no local data for secure-compare@https://registry.npmjs.org/secure-compare/-/secure-compare-3.0.1.tgz. Extracting by manifest.
358 silly tarball no local data for he@https://registry.npmjs.org/he/-/he-1.2.0.tgz. Extracting by manifest.
359 silly tarball no local data for http-proxy@https://registry.npmjs.org/http-proxy/-/http-proxy-1.18.1.tgz. Extracting by manifest.
360 silly tarball no local data for mime@https://registry.npmjs.org/mime/-/mime-1.6.0.tgz. Extracting by manifest.
361 silly tarball no local data for html-encoding-sniffer@https://registry.npmjs.org/html-encoding-sniffer/-/html-encoding-sniffer-3.0.0.tgz. Extracting by manifest.
362 silly tarball no local data for minimist@https://registry.npmjs.org/minimist/-/minimist-1.2.8.tgz. Extracting by manifest.
363 silly tarball no local data for opener@https://registry.npmjs.org/opener/-/opener-1.5.2.tgz. Extracting by manifest.
364 silly tarball no local data for corser@https://registry.npmjs.org/corser/-/corser-2.0.1.tgz. Extracting by manifest.
365 silly tarball no local data for chalk@https://registry.npmjs.org/chalk/-/chalk-4.1.2.tgz. Extracting by manifest.
366 silly tarball no local data for basic-auth@https://registry.npmjs.org/basic-auth/-/basic-auth-2.0.1.tgz. Extracting by manifest.
367 http fetch GET 200 https://registry.npmjs.org/call-bind-apply-helpers/-/call-bind-apply-helpers-1.0.2.tgz 190ms (cache miss)
368 http fetch GET 200 https://registry.npmjs.org/es-object-atoms/-/es-object-atoms-1.1.1.tgz 257ms (cache miss)
369 http fetch GET 200 https://registry.npmjs.org/get-intrinsic/-/get-intrinsic-1.3.0.tgz 256ms (cache miss)
370 http fetch GET 200 https://registry.npmjs.org/hasown/-/hasown-2.0.2.tgz 290ms (cache miss)
371 http fetch GET 200 https://registry.npmjs.org/dunder-proto/-/dunder-proto-1.0.1.tgz 301ms (cache miss)
372 http fetch GET 200 https://registry.npmjs.org/has-symbols/-/has-symbols-1.1.0.tgz 349ms (cache miss)
373 http fetch GET 200 https://registry.npmjs.org/es-define-property/-/es-define-property-1.0.1.tgz 350ms (cache miss)
374 http fetch GET 200 https://registry.npmjs.org/gopd/-/gopd-1.2.0.tgz 354ms (cache miss)
375 http fetch GET 200 https://registry.npmjs.org/http-server/-/http-server-14.1.1.tgz 365ms (cache miss)
376 http fetch GET 200 https://registry.npmjs.org/get-proto/-/get-proto-1.0.1.tgz 368ms (cache miss)
377 http fetch GET 200 https://registry.npmjs.org/math-intrinsics/-/math-intrinsics-1.1.0.tgz 383ms (cache miss)
378 http fetch GET 200 https://registry.npmjs.org/function-bind/-/function-bind-1.1.2.tgz 384ms (cache miss)
379 http fetch GET 200 https://registry.npmjs.org/safer-buffer/-/safer-buffer-2.1.2.tgz 392ms (cache miss)
380 http fetch GET 200 https://registry.npmjs.org/side-channel-weakmap/-/side-channel-weakmap-1.0.2.tgz 451ms (cache miss)
381 http fetch GET 200 https://registry.npmjs.org/call-bound/-/call-bound-1.0.4.tgz 477ms (cache miss)
382 http fetch GET 200 https://registry.npmjs.org/object-inspect/-/object-inspect-1.13.4.tgz 499ms (cache miss)
383 http fetch GET 200 https://registry.npmjs.org/side-channel/-/side-channel-1.1.0.tgz 578ms (cache miss)
384 http fetch GET 200 https://registry.npmjs.org/requires-port/-/requires-port-1.0.0.tgz 590ms (cache miss)
385 http fetch GET 200 https://registry.npmjs.org/ms/-/ms-2.1.3.tgz 596ms (cache miss)
386 http fetch GET 200 https://registry.npmjs.org/has-flag/-/has-flag-4.0.0.tgz 604ms (cache miss)
387 http fetch GET 200 https://registry.npmjs.org/es-errors/-/es-errors-1.3.0.tgz 605ms (cache miss)
388 http fetch GET 200 https://registry.npmjs.org/eventemitter3/-/eventemitter3-4.0.7.tgz 606ms (cache miss)
389 http fetch GET 200 https://registry.npmjs.org/side-channel-map/-/side-channel-map-1.0.1.tgz 616ms (cache miss)
390 http fetch GET 200 https://registry.npmjs.org/debug/-/debug-4.4.0.tgz 613ms (cache miss)
391 http fetch GET 200 https://registry.npmjs.org/qs/-/qs-6.14.0.tgz 620ms (cache miss)
392 http fetch GET 200 https://registry.npmjs.org/whatwg-encoding/-/whatwg-encoding-2.0.0.tgz 637ms (cache miss)
393 http fetch GET 200 https://registry.npmjs.org/url-join/-/url-join-4.0.1.tgz 678ms (cache miss)
394 http fetch GET 200 https://registry.npmjs.org/follow-redirects/-/follow-redirects-1.15.9.tgz 694ms (cache miss)
395 http fetch GET 200 https://registry.npmjs.org/side-channel-list/-/side-channel-list-1.0.0.tgz 701ms (cache miss)
396 http fetch GET 200 https://registry.npmjs.org/color-name/-/color-name-1.1.4.tgz 750ms (cache miss)
397 http fetch GET 200 https://registry.npmjs.org/color-convert/-/color-convert-2.0.1.tgz 761ms (cache miss)
398 http fetch GET 200 https://registry.npmjs.org/html-encoding-sniffer/-/html-encoding-sniffer-3.0.0.tgz 858ms (cache miss)
399 http fetch GET 200 https://registry.npmjs.org/ansi-styles/-/ansi-styles-4.3.0.tgz 866ms (cache miss)
400 http fetch GET 200 https://registry.npmjs.org/secure-compare/-/secure-compare-3.0.1.tgz 866ms (cache miss)
401 http fetch GET 200 https://registry.npmjs.org/portfinder/-/portfinder-1.0.35.tgz 872ms (cache miss)
402 http fetch GET 200 https://registry.npmjs.org/safe-buffer/-/safe-buffer-5.1.2.tgz 903ms (cache miss)
403 http fetch GET 200 https://registry.npmjs.org/mime/-/mime-1.6.0.tgz 899ms (cache miss)
404 http fetch GET 200 https://registry.npmjs.org/iconv-lite/-/iconv-lite-0.6.3.tgz 937ms (cache miss)
405 http fetch GET 200 https://registry.npmjs.org/union/-/union-0.5.0.tgz 920ms (cache miss)
406 http fetch GET 200 https://registry.npmjs.org/minimist/-/minimist-1.2.8.tgz 942ms (cache miss)
407 http fetch GET 200 https://registry.npmjs.org/he/-/he-1.2.0.tgz 943ms (cache miss)
408 http fetch GET 200 https://registry.npmjs.org/opener/-/opener-1.5.2.tgz 979ms (cache miss)
409 http fetch GET 200 https://registry.npmjs.org/supports-color/-/supports-color-7.2.0.tgz 993ms (cache miss)
410 http fetch GET 200 https://registry.npmjs.org/chalk/-/chalk-4.1.2.tgz 973ms (cache miss)
411 http fetch GET 200 https://registry.npmjs.org/corser/-/corser-2.0.1.tgz 988ms (cache miss)
412 http fetch GET 200 https://registry.npmjs.org/http-proxy/-/http-proxy-1.18.1.tgz 999ms (cache miss)
413 http fetch GET 200 https://registry.npmjs.org/basic-auth/-/basic-auth-2.0.1.tgz 1222ms (cache miss)
414 http fetch GET 200 https://registry.npmjs.org/async/-/async-3.2.6.tgz 1708ms (cache miss)
415 silly ADD node_modules/http-server
416 silly ADD node_modules/http-server/node_modules/safer-buffer
417 silly ADD node_modules/http-server/node_modules/iconv-lite
418 silly ADD node_modules/http-server/node_modules/dunder-proto
419 silly ADD node_modules/http-server/node_modules/math-intrinsics
420 silly ADD node_modules/http-server/node_modules/hasown
421 silly ADD node_modules/http-server/node_modules/has-symbols
422 silly ADD node_modules/http-server/node_modules/gopd
423 silly ADD node_modules/http-server/node_modules/get-proto
424 silly ADD node_modules/http-server/node_modules/es-object-atoms
425 silly ADD node_modules/http-server/node_modules/es-define-property
426 silly ADD node_modules/http-server/node_modules/function-bind
427 silly ADD node_modules/http-server/node_modules/call-bind-apply-helpers
428 silly ADD node_modules/http-server/node_modules/get-intrinsic
429 silly ADD node_modules/http-server/node_modules/call-bound
430 silly ADD node_modules/http-server/node_modules/side-channel-weakmap
431 silly ADD node_modules/http-server/node_modules/side-channel-map
432 silly ADD node_modules/http-server/node_modules/side-channel-list
433 silly ADD node_modules/http-server/node_modules/object-inspect
434 silly ADD node_modules/http-server/node_modules/es-errors
435 silly ADD node_modules/http-server/node_modules/side-channel
436 silly ADD node_modules/http-server/node_modules/qs
437 silly ADD node_modules/http-server/node_modules/has-flag
438 silly ADD node_modules/http-server/node_modules/ms
439 silly ADD node_modules/http-server/node_modules/debug
440 silly ADD node_modules/http-server/node_modules/async
441 silly ADD node_modules/http-server/node_modules/requires-port
442 silly ADD node_modules/http-server/node_modules/follow-redirects
443 silly ADD node_modules/http-server/node_modules/eventemitter3
444 silly ADD node_modules/http-server/node_modules/whatwg-encoding
445 silly ADD node_modules/http-server/node_modules/color-name
446 silly ADD node_modules/http-server/node_modules/color-convert
447 silly ADD node_modules/http-server/node_modules/supports-color
448 silly ADD node_modules/http-server/node_modules/ansi-styles
449 silly ADD node_modules/http-server/node_modules/safe-buffer
450 silly ADD node_modules/http-server/node_modules/url-join
451 silly ADD node_modules/http-server/node_modules/union
452 silly ADD node_modules/http-server/node_modules/secure-compare
453 silly ADD node_modules/http-server/node_modules/portfinder
454 silly ADD node_modules/http-server/node_modules/opener
455 silly ADD node_modules/http-server/node_modules/minimist
456 silly ADD node_modules/http-server/node_modules/mime
457 silly ADD node_modules/http-server/node_modules/http-proxy
458 silly ADD node_modules/http-server/node_modules/html-encoding-sniffer
459 silly ADD node_modules/http-server/node_modules/he
460 silly ADD node_modules/http-server/node_modules/corser
461 silly ADD node_modules/http-server/node_modules/chalk
462 silly ADD node_modules/http-server/node_modules/basic-auth
463 verbose cwd C:\Users\æ¯“\Downloads\homework\æ•™è‚²å°æ¸¸æˆ
464 verbose os Windows_NT 10.0.26100
465 verbose node v22.14.0
466 verbose npm  v10.9.2
467 notice
467 notice New [31mmajor[39m version of npm available! [31m10.9.2[39m -> [34m11.2.0[39m
467 notice Changelog: [34mhttps://github.com/npm/cli/releases/tag/v11.2.0[39m
467 notice To update run: [4mnpm install -g npm@11.2.0[24m
467 notice  { force: true, [Symbol(proc-log.meta)]: true }
468 verbose exit 0
469 info ok
